Arguments: 
  /usr/local/Cellar/node@12/12.19.0_1/bin/node /usr/local/Cellar/yarn/1.22.10/libexec/bin/yarn.js add XAudioJS create-react-class

PATH: 
  /usr/local/opt/node@12/bin:/Users/james/bin:/usr/local/bin:/Library/Frameworks/Python.framework/Versions/3.6/bin:/usr/local/bin:/usr/bin:/bin:/usr/sbin:/sbin:/usr/local/go/bin:/usr/local/MacGPG2/bin:/Library/Apple/usr/bin:/usr/local/opt/node@12/bin:/Users/james/bin:/Library/Frameworks/Python.framework/Versions/3.6/bin:/Users/james/Dev/go/bin:/usr/local/opt/go/libexec/bin:/Users/james/.pub-cache/bin:/usr/local/opt/fzf/bin:/Users/james/Dev/go/bin:/usr/local/opt/go/libexec/bin:/Users/james/.pub-cache/bin

Yarn version: 
  1.22.10

Node version: 
  12.19.0

Platform: 
  darwin x64

Trace: 
  Error: https://registry.yarnpkg.com/XAudioJS: Not found
      at Request.params.callback [as _callback] (/usr/local/Cellar/yarn/1.22.10/libexec/lib/cli.js:66988:18)
      at Request.self.callback (/usr/local/Cellar/yarn/1.22.10/libexec/lib/cli.js:140749:22)
      at Request.emit (events.js:314:20)
      at Request.<anonymous> (/usr/local/Cellar/yarn/1.22.10/libexec/lib/cli.js:141721:10)
      at Request.emit (events.js:314:20)
      at IncomingMessage.<anonymous> (/usr/local/Cellar/yarn/1.22.10/libexec/lib/cli.js:141643:12)
      at Object.onceWrapper (events.js:420:28)
      at IncomingMessage.emit (events.js:326:22)
      at endReadableNT (_stream_readable.js:1223:12)
      at processTicksAndRejections (internal/process/task_queues.js:84:21)

npm manifest: 
  {
    "name": "ipfs-gba",
    "version": "0.1.0",
    "description": "play gba games from ipfs",
    "main": "truffle-config.js",
    "directories": {
      "test": "test"
    },
    "scripts": {
      "prettier:solidity": "./node_modules/.bin/prettier --write contracts/**/*.sol",
      "chain": "truffle console --network rinkeby",
      "compile": "truffle compile",
      "test": "truffle compile && mocha --exit --recursive test",
      "deploy": "truffle deploy --network rinkeby"
    },
    "husky": {
      "hooks": {
        "pre-push": "npm run prettier:solidity"
      }
    },
    "devDependencies": {
      "@openzeppelin/contracts": "^3.2.0",
      "@openzeppelin/gsn-provider": "^0.1.11",
      "@openzeppelin/test-environment": "^0.1.5",
      "@openzeppelin/test-helpers": "^0.5.7",
      "@truffle/hdwallet-provider": "^1.1.0",
      "bignumber.js": "^9.0.1",
      "chai": "^4.2.0",
      "dotenv": "^8.2.0",
      "eslint": "^7.11.0",
      "eslint-config-airbnb": "^18.2.0",
      "eslint-plugin-import": "^2.22.1",
      "eslint-plugin-jsx-a11y": "^6.3.1",
      "eslint-plugin-mocha": "^8.0.0",
      "eslint-plugin-react": "^7.21.4",
      "eslint-plugin-react-hooks": "^4.1.2",
      "ganache-cli": "^6.12.0",
      "husky": "^4.3.0",
      "mocha": "^8.1.3",
      "prettier": "^2.1.2",
      "prettier-plugin-solidity": "^1.0.0-alpha.59",
      "solhint": "^3.2.1",
      "solhint-plugin-prettier": "0.0.5",
      "truffle": "^5.1.48"
    },
    "repository": {
      "type": "git",
      "url": "git+https://github.com/FTHEBoba/dapple.git"
    },
    "keywords": [],
    "author": "",
    "license": "ISC",
    "bugs": {
      "url": "https://github.com/FTHEBoba/dapple/issues"
    },
    "homepage": "https://github.com/FTHEBoba/dapple#readme",
    "dependencies": {
      "ipfs": "^0.50.2"
    }
  }

yarn manifest: 
  No manifest

Lockfile: 
  No lockfile
